{
  "RSpec": {
    "coverage": {
      "/Users/eddychang/Desktop/bigbrotherserver/app/helpers/application_helper.rb": [
        1,
        null
      ],
      "/Users/eddychang/Desktop/bigbrotherserver/app/helpers/users_helper.rb": [
        1,
        null
      ],
      "/Users/eddychang/Desktop/bigbrotherserver/app/controllers/api/beacons_controller.rb": [
        1,
        null,
        1,
        1,
        null,
        1,
        null,
        null,
        1,
        2,
        null,
        1,
        null,
        null,
        1,
        3,
        3,
        null,
        3,
        null,
        2,
        null,
        null,
        1,
        1,
        null,
        1,
        null,
        null,
        1,
        1,
        null,
        1,
        null,
        0,
        null,
        null,
        1,
        1,
        4,
        null,
        null,
        null,
        1,
        2,
        null,
        null,
        null
      ],
      "/Users/eddychang/Desktop/bigbrotherserver/app/controllers/application_controller.rb": [
        1,
        null,
        1,
        null,
        1,
        null,
        1,
        null,
        null,
        6,
        null,
        null,
        1,
        66,
        null,
        null,
        1,
        12,
        null,
        null,
        1,
        5,
        null,
        null,
        1,
        0,
        null,
        null,
        1,
        6,
        null,
        null,
        null,
        1,
        14,
        null,
        null
      ],
      "/Users/eddychang/Desktop/bigbrotherserver/app/controllers/api/buildings_controller.rb": [
        1,
        null,
        1,
        1,
        null,
        1,
        null,
        null,
        1,
        2,
        null,
        1,
        null,
        null,
        1,
        3,
        3,
        null,
        3,
        null,
        2,
        null,
        null,
        1,
        1,
        null,
        1,
        null,
        null,
        1,
        1,
        null,
        1,
        null,
        0,
        null,
        null,
        1,
        1,
        4,
        null,
        null,
        null,
        null,
        null,
        1,
        2,
        null,
        null
      ],
      "/Users/eddychang/Desktop/bigbrotherserver/app/controllers/api/little_brother_chips_controller.rb": [
        1,
        null,
        1,
        1,
        null,
        1,
        null,
        null,
        1,
        2,
        null,
        1,
        null,
        null,
        1,
        3,
        3,
        null,
        3,
        null,
        2,
        null,
        null,
        1,
        1,
        null,
        1,
        null,
        null,
        1,
        1,
        null,
        1,
        null,
        0,
        null,
        null,
        1,
        1,
        4,
        null,
        null,
        1,
        2,
        null,
        null,
        null
      ],
      "/Users/eddychang/Desktop/bigbrotherserver/app/controllers/api/locations_controller.rb": [
        1,
        null,
        1,
        null,
        1,
        1,
        1,
        null,
        null,
        1,
        2,
        1,
        null,
        null,
        1,
        3,
        3,
        null,
        3,
        null,
        2,
        null,
        null,
        null,
        1,
        2,
        null,
        2,
        1,
        null,
        1,
        8,
        6,
        null,
        null,
        null,
        18,
        null,
        null,
        null,
        null,
        1,
        2,
        null,
        null,
        2,
        1,
        null,
        1,
        null,
        null,
        null,
        null,
        1,
        null,
        null,
        null,
        null,
        null,
        2,
        null,
        6,
        null,
        null,
        null,
        null,
        null,
        6,
        null,
        6,
        6,
        null,
        2,
        2,
        null,
        2,
        null,
        null,
        null,
        2,
        null,
        0,
        null,
        null,
        1,
        1,
        null,
        1,
        null,
        null,
        1,
        1,
        null,
        1,
        null,
        0,
        null,
        null,
        1,
        1,
        4,
        null,
        null,
        null,
        1,
        7,
        7,
        null,
        6,
        16,
        null,
        5,
        13,
        null,
        4,
        10,
        null,
        3,
        7,
        5,
        5,
        null,
        null,
        null,
        null,
        null,
        1,
        null,
        9,
        12,
        null,
        null,
        1,
        2,
        null,
        null,
        null
      ],
      "/Users/eddychang/Desktop/bigbrotherserver/app/controllers/api/lots_controller.rb": [
        1,
        null,
        1,
        1,
        null,
        1,
        null,
        null,
        1,
        2,
        null,
        1,
        null,
        null,
        1,
        3,
        3,
        null,
        3,
        null,
        2,
        null,
        null,
        1,
        1,
        null,
        1,
        null,
        null,
        1,
        1,
        null,
        1,
        null,
        0,
        null,
        null,
        1,
        1,
        null,
        null,
        1,
        1,
        null,
        null,
        1,
        1,
        null,
        1,
        null,
        null,
        null,
        null,
        1,
        1,
        4,
        null,
        null,
        null,
        null,
        1,
        2,
        null,
        null,
        null
      ],
      "/Users/eddychang/Desktop/bigbrotherserver/app/controllers/api/users_controller.rb": [
        1,
        null,
        1,
        9,
        null,
        1,
        null,
        null,
        1,
        2,
        null,
        1,
        null,
        null,
        1,
        3,
        3,
        null,
        3,
        null,
        2,
        null,
        null,
        1,
        1,
        null,
        1,
        null,
        null,
        1,
        1,
        null,
        1,
        null,
        0,
        null,
        null,
        1,
        1,
        4,
        null,
        null,
        1,
        2,
        null,
        null,
        null
      ],
      "/Users/eddychang/Desktop/bigbrotherserver/app/models/beacon.rb": [
        1,
        1,
        1,
        null,
        1,
        null,
        1,
        null,
        1,
        1,
        1059,
        null,
        null
      ],
      "/Users/eddychang/Desktop/bigbrotherserver/app/models/application_record.rb": [
        1,
        1,
        null
      ],
      "/Users/eddychang/Desktop/bigbrotherserver/app/models/building.rb": [
        1,
        1,
        1,
        1,
        1,
        null,
        1,
        1,
        null,
        1,
        1,
        null,
        124,
        124,
        241,
        null,
        null,
        null,
        1446,
        null,
        null,
        241,
        null,
        null,
        null,
        null,
        1,
        125,
        125,
        242,
        1452,
        null,
        null,
        null,
        null,
        null,
        1,
        125,
        null,
        null
      ],
      "/Users/eddychang/Desktop/bigbrotherserver/app/models/little_brother_chip.rb": [
        1,
        1,
        1,
        1,
        1,
        null,
        1,
        0,
        null,
        0,
        0,
        0,
        null,
        null
      ],
      "/Users/eddychang/Desktop/bigbrotherserver/app/models/location.rb": [
        1,
        1,
        1,
        null,
        1,
        null,
        1,
        null,
        1,
        1,
        660,
        null,
        null
      ],
      "/Users/eddychang/Desktop/bigbrotherserver/app/models/lot.rb": [
        1,
        1,
        null,
        1,
        1,
        1,
        1,
        null,
        1,
        null,
        null,
        1,
        null,
        1,
        1,
        114,
        114,
        456,
        null,
        null,
        null,
        null,
        null
      ],
      "/Users/eddychang/Desktop/bigbrotherserver/app/models/user.rb": [
        1,
        1,
        null,
        1,
        1,
        null,
        1,
        null
      ],
      "/Users/eddychang/Desktop/bigbrotherserver/app/channels/application_cable/channel.rb": [
        0,
        0,
        0,
        0
      ],
      "/Users/eddychang/Desktop/bigbrotherserver/app/channels/application_cable/connection.rb": [
        0,
        0,
        0,
        0
      ],
      "/Users/eddychang/Desktop/bigbrotherserver/app/controllers/static_controller.rb": [
        0,
        0,
        null,
        0,
        0,
        0,
        0,
        0,
        0,
        0,
        0,
        0,
        0
      ],
      "/Users/eddychang/Desktop/bigbrotherserver/app/jobs/application_job.rb": [
        0,
        0
      ],
      "/Users/eddychang/Desktop/bigbrotherserver/app/mailers/application_mailer.rb": [
        0,
        0,
        0,
        0
      ]
    },
    "timestamp": 1507375242
  }
}
